[debug] [2025-02-24T10:36:59.072Z] ----------------------------------------------------------------------
[debug] [2025-02-24T10:36:59.074Z] Command:       /usr/bin/node /usr/bin/firebase init
[debug] [2025-02-24T10:36:59.074Z] CLI Version:   13.31.2
[debug] [2025-02-24T10:36:59.074Z] Platform:      linux
[debug] [2025-02-24T10:36:59.075Z] Node Version:  v18.20.6
[debug] [2025-02-24T10:36:59.075Z] Time:          Mon Feb 24 2025 16:06:59 GMT+0530 (India Standard Time)
[debug] [2025-02-24T10:36:59.075Z] ----------------------------------------------------------------------
[debug] 
[debug] [2025-02-24T10:36:59.080Z] > command requires scopes: ["email","openid","https://www.googleapis.com/auth/cloudplatformprojects.readonly","https://www.googleapis.com/auth/firebase","https://www.googleapis.com/auth/cloud-platform"]
[debug] [2025-02-24T10:36:59.081Z] > authorizing via signed-in user (prabhu.r@10decoders.in)
[info] 
     ######## #### ########  ######## ########     ###     ######  ########
     ##        ##  ##     ## ##       ##     ##  ##   ##  ##       ##
     ######    ##  ########  ######   ########  #########  ######  ######
     ##        ##  ##    ##  ##       ##     ## ##     ##       ## ##
     ##       #### ##     ## ######## ########  ##     ##  ######  ########

You're about to initialize a Firebase project in this directory:

  /home/dynabook/Projects/EMS/Frontend

[info] 
=== Project Setup
[info] 
[info] First, let's associate this project directory with a Firebase project.
[info] You can create multiple project aliases by running firebase use --add, 
[info] but for now we'll just set up a default project.
[info] 
[info] i  If you want to create a project in a Google Cloud organization or folder, please use "firebase projects:create" instead, and return to this command when you've created the project. 
[debug] [2025-02-24T10:37:35.426Z] ----------------------------------------------------------------------
[debug] [2025-02-24T10:37:35.428Z] Command:       /usr/bin/node /usr/bin/firebase init
[debug] [2025-02-24T10:37:35.429Z] CLI Version:   13.31.2
[debug] [2025-02-24T10:37:35.429Z] Platform:      linux
[debug] [2025-02-24T10:37:35.429Z] Node Version:  v18.20.6
[debug] [2025-02-24T10:37:35.429Z] Time:          Mon Feb 24 2025 16:07:35 GMT+0530 (India Standard Time)
[debug] [2025-02-24T10:37:35.430Z] ----------------------------------------------------------------------
[debug] 
[debug] [2025-02-24T10:37:35.435Z] > command requires scopes: ["email","openid","https://www.googleapis.com/auth/cloudplatformprojects.readonly","https://www.googleapis.com/auth/firebase","https://www.googleapis.com/auth/cloud-platform"]
[debug] [2025-02-24T10:37:35.435Z] > authorizing via signed-in user (prabhu.r@10decoders.in)
[info] 
     ######## #### ########  ######## ########     ###     ######  ########
     ##        ##  ##     ## ##       ##     ##  ##   ##  ##       ##
     ######    ##  ########  ######   ########  #########  ######  ######
     ##        ##  ##    ##  ##       ##     ## ##     ##       ## ##
     ##       #### ##     ## ######## ########  ##     ##  ######  ########

You're about to initialize a Firebase project in this directory:

  /home/dynabook/Projects/EMS/Frontend

[info] 
=== Project Setup
[info] 
[info] First, let's associate this project directory with a Firebase project.
[info] You can create multiple project aliases by running firebase use --add, 
[info] but for now we'll just set up a default project.
[info] 
[info] i  If you want to create a project in a Google Cloud organization or folder, please use "firebase projects:create" instead, and return to this command when you've created the project. 
[debug] [2025-02-24T10:37:46.749Z] Checked if tokens are valid: true, expires at: 1740396424928
[debug] [2025-02-24T10:37:46.750Z] Checked if tokens are valid: true, expires at: 1740396424928
[debug] [2025-02-24T10:37:46.755Z] >>> [apiv2][query] POST https://cloudresourcemanager.googleapis.com/v1/projects [none]
[debug] [2025-02-24T10:37:46.755Z] >>> [apiv2][body] POST https://cloudresourcemanager.googleapis.com/v1/projects {"projectId":"ems-app","name":"ems-app"}
[debug] [2025-02-24T10:37:48.498Z] <<< [apiv2][status] POST https://cloudresourcemanager.googleapis.com/v1/projects 409
[debug] [2025-02-24T10:37:48.499Z] <<< [apiv2][body] POST https://cloudresourcemanager.googleapis.com/v1/projects {"error":{"code":409,"message":"Requested entity already exists","status":"ALREADY_EXISTS"}}
[debug] [2025-02-24T10:37:48.645Z] FirebaseError: Request to https://cloudresourcemanager.googleapis.com/v1/projects had HTTP Error: 409, Requested entity already exists
    at responseToError (/usr/lib/node_modules/firebase-tools/lib/responseToError.js:52:12)
    at RetryOperation._fn (/usr/lib/node_modules/firebase-tools/lib/apiv2.js:312:77)
    at process.processTicksAndRejections (node:internal/process/task_queues:95:5)
[error] 
[error] Error: Failed to create project because there is already a project with ID ems-app. Please try again with a unique project ID.
[debug] [2025-02-24T10:37:54.363Z] ----------------------------------------------------------------------
[debug] [2025-02-24T10:37:54.365Z] Command:       /usr/bin/node /usr/bin/firebase init
[debug] [2025-02-24T10:37:54.366Z] CLI Version:   13.31.2
[debug] [2025-02-24T10:37:54.366Z] Platform:      linux
[debug] [2025-02-24T10:37:54.366Z] Node Version:  v18.20.6
[debug] [2025-02-24T10:37:54.366Z] Time:          Mon Feb 24 2025 16:07:54 GMT+0530 (India Standard Time)
[debug] [2025-02-24T10:37:54.366Z] ----------------------------------------------------------------------
[debug] 
[debug] [2025-02-24T10:37:54.372Z] > command requires scopes: ["email","openid","https://www.googleapis.com/auth/cloudplatformprojects.readonly","https://www.googleapis.com/auth/firebase","https://www.googleapis.com/auth/cloud-platform"]
[debug] [2025-02-24T10:37:54.372Z] > authorizing via signed-in user (prabhu.r@10decoders.in)
[info] 
     ######## #### ########  ######## ########     ###     ######  ########
     ##        ##  ##     ## ##       ##     ##  ##   ##  ##       ##
     ######    ##  ########  ######   ########  #########  ######  ######
     ##        ##  ##    ##  ##       ##     ## ##     ##       ## ##
     ##       #### ##     ## ######## ########  ##     ##  ######  ########

You're about to initialize a Firebase project in this directory:

  /home/dynabook/Projects/EMS/Frontend

[info] 
=== Project Setup
[info] 
[info] First, let's associate this project directory with a Firebase project.
[info] You can create multiple project aliases by running firebase use --add, 
[info] but for now we'll just set up a default project.
[info] 
[info] i  If you want to create a project in a Google Cloud organization or folder, please use "firebase projects:create" instead, and return to this command when you've created the project. 
[debug] [2025-02-24T10:38:27.834Z] Checked if tokens are valid: true, expires at: 1740396424928
[debug] [2025-02-24T10:38:27.836Z] Checked if tokens are valid: true, expires at: 1740396424928
[debug] [2025-02-24T10:38:27.840Z] >>> [apiv2][query] POST https://cloudresourcemanager.googleapis.com/v1/projects [none]
[debug] [2025-02-24T10:38:27.841Z] >>> [apiv2][body] POST https://cloudresourcemanager.googleapis.com/v1/projects {"projectId":"ems-app-prabhu","name":"ems-app-prabhu"}
[debug] [2025-02-24T10:38:29.626Z] <<< [apiv2][status] POST https://cloudresourcemanager.googleapis.com/v1/projects 200
[debug] [2025-02-24T10:38:29.626Z] <<< [apiv2][body] POST https://cloudresourcemanager.googleapis.com/v1/projects {"name":"operations/cp.9150529766374325300"}
[debug] [2025-02-24T10:38:29.627Z] Checked if tokens are valid: true, expires at: 1740396424928
[debug] [2025-02-24T10:38:29.627Z] Checked if tokens are valid: true, expires at: 1740396424928
[debug] [2025-02-24T10:38:29.628Z] >>> [apiv2][query] GET https://cloudresourcemanager.googleapis.com/v1/operations/cp.9150529766374325300 [none]
[debug] [2025-02-24T10:38:31.408Z] <<< [apiv2][status] GET https://cloudresourcemanager.googleapis.com/v1/operations/cp.9150529766374325300 200
[debug] [2025-02-24T10:38:31.409Z] <<< [apiv2][body] GET https://cloudresourcemanager.googleapis.com/v1/operations/cp.9150529766374325300 {"name":"operations/cp.9150529766374325300","metadata":{"@type":"type.googleapis.com/google.cloudresourcemanager.v1.ProjectCreationStatus","ready":true},"done":true,"error":{"code":9,"message":"Callers must accept Terms of Service","details":[{"@type":"type.googleapis.com/google.rpc.PreconditionFailure","violations":[{"type":"TOS","subject":"cloud","description":"Callers must accept Terms of Service"}]}]}}
[debug] [2025-02-24T10:38:31.516Z] FirebaseError: Callers must accept Terms of Service
    at OperationPoller.poll (/usr/lib/node_modules/firebase-tools/lib/operation-poller.js:24:19)
    at process.processTicksAndRejections (node:internal/process/task_queues:95:5)
    at async createCloudProject (/usr/lib/node_modules/firebase-tools/lib/management/projects.js:213:29)
    at async createFirebaseProjectAndLog (/usr/lib/node_modules/firebase-tools/lib/management/projects.js:71:9)
    at async promptAndCreateNewProject (/usr/lib/node_modules/firebase-tools/lib/init/features/project.js:32:12)
    at async doSetup (/usr/lib/node_modules/firebase-tools/lib/init/features/project.js:89:27)
    at async init (/usr/lib/node_modules/firebase-tools/lib/init/index.js:41:9)
[error] 
[error] Error: Failed to create project. See firebase-debug.log for more info.
[debug] [2025-02-24T10:38:43.876Z] ----------------------------------------------------------------------
[debug] [2025-02-24T10:38:43.878Z] Command:       /usr/bin/node /usr/bin/firebase init
[debug] [2025-02-24T10:38:43.878Z] CLI Version:   13.31.2
[debug] [2025-02-24T10:38:43.879Z] Platform:      linux
[debug] [2025-02-24T10:38:43.879Z] Node Version:  v18.20.6
[debug] [2025-02-24T10:38:43.879Z] Time:          Mon Feb 24 2025 16:08:43 GMT+0530 (India Standard Time)
[debug] [2025-02-24T10:38:43.879Z] ----------------------------------------------------------------------
[debug] 
[debug] [2025-02-24T10:38:43.884Z] > command requires scopes: ["email","openid","https://www.googleapis.com/auth/cloudplatformprojects.readonly","https://www.googleapis.com/auth/firebase","https://www.googleapis.com/auth/cloud-platform"]
[debug] [2025-02-24T10:38:43.885Z] > authorizing via signed-in user (prabhu.r@10decoders.in)
[info] 
     ######## #### ########  ######## ########     ###     ######  ########
     ##        ##  ##     ## ##       ##     ##  ##   ##  ##       ##
     ######    ##  ########  ######   ########  #########  ######  ######
     ##        ##  ##    ##  ##       ##     ## ##     ##       ## ##
     ##       #### ##     ## ######## ########  ##     ##  ######  ########

You're about to initialize a Firebase project in this directory:

  /home/dynabook/Projects/EMS/Frontend

[info] 
=== Project Setup
[info] 
[info] First, let's associate this project directory with a Firebase project.
[info] You can create multiple project aliases by running firebase use --add, 
[info] but for now we'll just set up a default project.
[info] 
[info] i  If you want to create a project in a Google Cloud organization or folder, please use "firebase projects:create" instead, and return to this command when you've created the project. 
[debug] [2025-02-24T10:38:58.891Z] Checked if tokens are valid: true, expires at: 1740396424928
[debug] [2025-02-24T10:38:58.892Z] Checked if tokens are valid: true, expires at: 1740396424928
[debug] [2025-02-24T10:38:58.899Z] >>> [apiv2][query] POST https://cloudresourcemanager.googleapis.com/v1/projects [none]
[debug] [2025-02-24T10:38:58.900Z] >>> [apiv2][body] POST https://cloudresourcemanager.googleapis.com/v1/projects {"projectId":"ems-app-prabhu","name":"ems-app-prabhu"}
[debug] [2025-02-24T10:39:00.710Z] <<< [apiv2][status] POST https://cloudresourcemanager.googleapis.com/v1/projects 200
[debug] [2025-02-24T10:39:00.710Z] <<< [apiv2][body] POST https://cloudresourcemanager.googleapis.com/v1/projects {"name":"operations/cp.5825006975965963918"}
[debug] [2025-02-24T10:39:00.712Z] Checked if tokens are valid: true, expires at: 1740396424928
[debug] [2025-02-24T10:39:00.712Z] Checked if tokens are valid: true, expires at: 1740396424928
[debug] [2025-02-24T10:39:00.712Z] >>> [apiv2][query] GET https://cloudresourcemanager.googleapis.com/v1/operations/cp.5825006975965963918 [none]
[debug] [2025-02-24T10:39:02.631Z] <<< [apiv2][status] GET https://cloudresourcemanager.googleapis.com/v1/operations/cp.5825006975965963918 200
[debug] [2025-02-24T10:39:02.632Z] <<< [apiv2][body] GET https://cloudresourcemanager.googleapis.com/v1/operations/cp.5825006975965963918 {"name":"operations/cp.5825006975965963918","metadata":{"@type":"type.googleapis.com/google.cloudresourcemanager.v1.ProjectCreationStatus","ready":true},"done":true,"error":{"code":9,"message":"Callers must accept Terms of Service","details":[{"@type":"type.googleapis.com/google.rpc.PreconditionFailure","violations":[{"type":"TOS","subject":"cloud","description":"Callers must accept Terms of Service"}]}]}}
[debug] [2025-02-24T10:39:02.797Z] FirebaseError: Callers must accept Terms of Service
    at OperationPoller.poll (/usr/lib/node_modules/firebase-tools/lib/operation-poller.js:24:19)
    at process.processTicksAndRejections (node:internal/process/task_queues:95:5)
    at async createCloudProject (/usr/lib/node_modules/firebase-tools/lib/management/projects.js:213:29)
    at async createFirebaseProjectAndLog (/usr/lib/node_modules/firebase-tools/lib/management/projects.js:71:9)
    at async promptAndCreateNewProject (/usr/lib/node_modules/firebase-tools/lib/init/features/project.js:32:12)
    at async doSetup (/usr/lib/node_modules/firebase-tools/lib/init/features/project.js:89:27)
    at async init (/usr/lib/node_modules/firebase-tools/lib/init/index.js:41:9)
[error] 
[error] Error: Failed to create project. See firebase-debug.log for more info.
